<?xml version="1.0" encoding="UTF-8"?>
<testng-results ignored="0" total="1" passed="1" failed="0" skipped="0">
  <reporter-output>
  </reporter-output>
  <suite started-at="2026-07-15T16:18:43 IST" name="Default suite" finished-at="2026-07-15T16:19:01 IST" duration-ms="18161">
    <groups>
      <group name="cucumber">
        <method signature="AbstractTestNGCucumberTests.runScenario(io.cucumber.testng.PickleWrapper,io.cucumber.testng.FeatureWrapper)[pri:0, instance:runners.TestRunner@752325ad]" name="runScenario" class="io.cucumber.testng.AbstractTestNGCucumberTests"/>
      </group> <!-- cucumber -->
    </groups>
    <test started-at="2026-07-15T16:18:43 IST" name="Default test" finished-at="2026-07-15T16:19:01 IST" duration-ms="18161">
      <class name="runners.TestRunner">
        <test-method is-config="true" signature="setUpClass(org.testng.ITestContext)[pri:0, instance:runners.TestRunner@752325ad]" started-at="2026-07-15T16:18:43 IST" name="setUpClass" finished-at="2026-07-15T16:18:43 IST" duration-ms="350" status="PASS">
          <params>
            <param index="0">
              <value>
                <![CDATA[org.testng.TestRunner@520ee6b3]]>
              </value>
            </param>
          </params>
          <reporter-output>
          </reporter-output>
        </test-method> <!-- setUpClass -->
        <test-method signature="runScenario(io.cucumber.testng.PickleWrapper,io.cucumber.testng.FeatureWrapper)[pri:0, instance:runners.TestRunner@752325ad]" started-at="2026-07-15T16:18:43 IST" name="runScenario" description="Runs Cucumber Scenarios" data-provider="scenarios" finished-at="2026-07-15T16:19:01 IST" duration-ms="17767" status="PASS">
          <params>
            <param index="0">
              <value>
                <![CDATA["Verify functionality of OTT Based Refund W/O Sale and Void Transaction with full amount for Credit Tender."]]>
              </value>
            </param>
            <param index="1">
              <value>
                <![CDATA["Aurus End-to-End Payment Lifecycle Validation"]]>
              </value>
            </param>
          </params>
          <reporter-output>
          </reporter-output>
        </test-method> <!-- runScenario -->
        <test-method is-config="true" signature="tearDownClass()[pri:0, instance:runners.TestRunner@752325ad]" started-at="2026-07-15T16:19:01 IST" name="tearDownClass" finished-at="2026-07-15T16:19:01 IST" duration-ms="16" status="PASS">
          <reporter-output>
          </reporter-output>
        </test-method> <!-- tearDownClass -->
      </class> <!-- runners.TestRunner -->
    </test> <!-- Default test -->
  </suite> <!-- Default suite -->
</testng-results>
